android/app/build/intermediates/manifest_merge_blame_file/release/processReleaseMainManifest/manifest-merger-blame-release-report.txt
1<?xml version="1.0" encoding="utf-8"?>
2<manifest xmlns:android="http://schemas.android.com/apk/res/android"
3    package="com.pos_app"
4    android:versionCode="1"
5    android:versionName="1.0" >
6
7    <uses-sdk
8        android:minSdkVersion="23"
9        android:targetSdkVersion="34" />
10
11    <uses-permission android:name="android.permission.INTERNET" />
11-->src/main/AndroidManifest.xml:3:5-67
11-->src/main/AndroidManifest.xml:3:22-64
12    <!-- Required permissions for background sync -->
13    <uses-permission android:name="android.permission.FOREGROUND_SERVICE" />
13-->src/main/AndroidManifest.xml:5:5-77
13-->src/main/AndroidManifest.xml:5:22-74
14    <uses-permission android:name="android.permission.WAKE_LOCK" />
14-->src/main/AndroidManifest.xml:6:5-68
14-->src/main/AndroidManifest.xml:6:22-65
15    <uses-permission android:name="android.permission.RECEIVE_BOOT_COMPLETED" />
15-->src/main/AndroidManifest.xml:7:5-80
15-->src/main/AndroidManifest.xml:7:22-78
16    <uses-permission android:name="android.permission.ACCESS_NETWORK_STATE" />
16-->[:react-native-community_netinfo] AndroidManifest.xml:7:5-79
16-->[:react-native-community_netinfo] AndroidManifest.xml:7:22-76
17    <uses-permission android:name="android.permission.ACCESS_WIFI_STATE" />
17-->[:react-native-community_netinfo] AndroidManifest.xml:8:5-76
17-->[:react-native-community_netinfo] AndroidManifest.xml:8:22-73
18
19    <permission
19-->[androidx.core:core:1.9.0] AndroidManifest.xml:22:5-24:47
20        android:name="com.pos_app.DYNAMIC_RECEIVER_NOT_EXPORTED_PERMISSION"
20-->[androidx.core:core:1.9.0] AndroidManifest.xml:23:9-81
21        android:protectionLevel="signature" />
21-->[androidx.core:core:1.9.0] AndroidManifest.xml:24:9-44
22
23    <uses-permission android:name="com.pos_app.DYNAMIC_RECEIVER_NOT_EXPORTED_PERMISSION" />
23-->[androidx.core:core:1.9.0] AndroidManifest.xml:26:5-97
23-->[androidx.core:core:1.9.0] AndroidManifest.xml:26:22-94
24
25    <application
25-->src/main/AndroidManifest.xml:9:5-44:19
26        android:name="com.pos_app.MainApplication"
26-->src/main/AndroidManifest.xml:10:7-38
27        android:allowBackup="false"
27-->src/main/AndroidManifest.xml:14:7-34
28        android:appComponentFactory="androidx.core.app.CoreComponentFactory"
28-->[androidx.core:core:1.9.0] AndroidManifest.xml:28:18-86
29        android:extractNativeLibs="false"
30        android:icon="@mipmap/ic_launcher"
30-->src/main/AndroidManifest.xml:12:7-41
31        android:label="@string/app_name"
31-->src/main/AndroidManifest.xml:11:7-39
32        android:roundIcon="@mipmap/ic_launcher_round"
32-->src/main/AndroidManifest.xml:13:7-52
33        android:supportsRtl="true"
33-->src/main/AndroidManifest.xml:16:7-33
34        android:theme="@style/AppTheme" >
34-->src/main/AndroidManifest.xml:15:7-38
35        <activity
35-->src/main/AndroidManifest.xml:17:7-28:18
36            android:name="com.pos_app.MainActivity"
36-->src/main/AndroidManifest.xml:18:9-37
37            android:configChanges="keyboard|keyboardHidden|orientation|screenLayout|screenSize|smallestScreenSize|uiMode"
37-->src/main/AndroidManifest.xml:20:9-118
38            android:exported="true"
38-->src/main/AndroidManifest.xml:23:9-32
39            android:label="@string/app_name"
39-->src/main/AndroidManifest.xml:19:9-41
40            android:launchMode="singleTask"
40-->src/main/AndroidManifest.xml:21:9-40
41            android:windowSoftInputMode="adjustResize" >
41-->src/main/AndroidManifest.xml:22:9-51
42            <intent-filter>
42-->src/main/AndroidManifest.xml:24:9-27:25
43                <action android:name="android.intent.action.MAIN" />
43-->src/main/AndroidManifest.xml:25:13-65
43-->src/main/AndroidManifest.xml:25:21-62
44
45                <category android:name="android.intent.category.LAUNCHER" />
45-->src/main/AndroidManifest.xml:26:13-73
45-->src/main/AndroidManifest.xml:26:23-70
46            </intent-filter>
47        </activity>
48
49        <!-- Allow background execution -->
50        <service
50-->src/main/AndroidManifest.xml:31:7-33:38
51            android:name="com.transistorsoft.rnbackgroundfetch.HeadlessJobService"
51-->src/main/AndroidManifest.xml:31:16-86
52            android:exported="true"
52-->src/main/AndroidManifest.xml:33:13-36
53            android:permission="android.permission.BIND_JOB_SERVICE" />
53-->src/main/AndroidManifest.xml:32:13-69
54
55        <receiver
55-->src/main/AndroidManifest.xml:35:9-43:20
56            android:name="com.transistorsoft.rnbackgroundfetch.BootReceiver"
56-->src/main/AndroidManifest.xml:36:13-77
57            android:exported="false" >
57-->src/main/AndroidManifest.xml:37:13-37
58            <intent-filter>
58-->src/main/AndroidManifest.xml:38:13-42:29
59                <action android:name="android.intent.action.BOOT_COMPLETED" />
59-->src/main/AndroidManifest.xml:39:17-78
59-->src/main/AndroidManifest.xml:39:25-76
60                <action android:name="android.intent.action.QUICKBOOT_POWERON" />
60-->src/main/AndroidManifest.xml:40:17-81
60-->src/main/AndroidManifest.xml:40:25-79
61                <action android:name="com.htc.intent.action.QUICKBOOT_POWERON" />
61-->src/main/AndroidManifest.xml:41:17-81
61-->src/main/AndroidManifest.xml:41:25-79
62            </intent-filter>
63        </receiver>
64
65        <service android:name="com.asterinet.react.bgactions.RNBackgroundActionsTask" />
65-->[:react-native-background-actions] AndroidManifest.xml:10:9-89
65-->[:react-native-background-actions] AndroidManifest.xml:10:18-86
66
67        <provider
67-->[androidx.emoji2:emoji2:1.2.0] AndroidManifest.xml:24:9-32:20
68            android:name="androidx.startup.InitializationProvider"
68-->[androidx.emoji2:emoji2:1.2.0] AndroidManifest.xml:25:13-67
69            android:authorities="com.pos_app.androidx-startup"
69-->[androidx.emoji2:emoji2:1.2.0] AndroidManifest.xml:26:13-68
70            android:exported="false" >
70-->[androidx.emoji2:emoji2:1.2.0] AndroidManifest.xml:27:13-37
71            <meta-data
71-->[androidx.emoji2:emoji2:1.2.0] AndroidManifest.xml:29:13-31:52
72                android:name="androidx.emoji2.text.EmojiCompatInitializer"
72-->[androidx.emoji2:emoji2:1.2.0] AndroidManifest.xml:30:17-75
73                android:value="androidx.startup" />
73-->[androidx.emoji2:emoji2:1.2.0] AndroidManifest.xml:31:17-49
74            <meta-data
74-->[androidx.lifecycle:lifecycle-process:2.4.1] AndroidManifest.xml:31:13-33:52
75                android:name="androidx.lifecycle.ProcessLifecycleInitializer"
75-->[androidx.lifecycle:lifecycle-process:2.4.1] AndroidManifest.xml:32:17-78
76                android:value="androidx.startup" />
76-->[androidx.lifecycle:lifecycle-process:2.4.1] AndroidManifest.xml:33:17-49
77        </provider>
78
79        <meta-data
79-->[com.facebook.soloader:soloader:0.11.0] AndroidManifest.xml:12:9-14:37
80            android:name="com.facebook.soloader.enabled"
80-->[com.facebook.soloader:soloader:0.11.0] AndroidManifest.xml:13:13-57
81            android:value="false" />
81-->[com.facebook.soloader:soloader:0.11.0] AndroidManifest.xml:14:13-34
82    </application>
83
84</manifest>